[debug] [2023-03-21T13:31:32.527Z] ----------------------------------------------------------------------
[debug] [2023-03-21T13:31:32.528Z] Command:       /usr/local/bin/node /usr/local/bin/firebase init hosting
[debug] [2023-03-21T13:31:32.528Z] CLI Version:   11.24.1
[debug] [2023-03-21T13:31:32.528Z] Platform:      darwin
[debug] [2023-03-21T13:31:32.529Z] Node Version:  v16.18.0
[debug] [2023-03-21T13:31:32.529Z] Time:          Tue Mar 21 2023 16:31:32 GMT+0300 (GMT+03:00)
[debug] [2023-03-21T13:31:32.529Z] ----------------------------------------------------------------------
[debug] 
[debug] [2023-03-21T13:31:32.532Z] > command requires scopes: ["email","openid","https://www.googleapis.com/auth/cloudplatformprojects.readonly","https://www.googleapis.com/auth/firebase","https://www.googleapis.com/auth/cloud-platform"]
[debug] [2023-03-21T13:31:32.532Z] > authorizing via signed-in user (keremkaraman91@gmail.com)
[info] 
     ######## #### ########  ######## ########     ###     ######  ########
     ##        ##  ##     ## ##       ##     ##  ##   ##  ##       ##
     ######    ##  ########  ######   ########  #########  ######  ######
     ##        ##  ##    ##  ##       ##     ## ##     ##       ## ##
     ##       #### ##     ## ######## ########  ##     ##  ######  ########

You're about to initialize a Firebase project in this directory:

  /Users/kerem/Desktop/linkedin-clone-kerem

[info] 
=== Project Setup
[info] 
[info] First, let's associate this project directory with a Firebase project.
[info] You can create multiple project aliases by running firebase use --add, 
[info] but for now we'll just set up a default project.
[info] 
